<?xml version="1.0" encoding="UTF-8" ?>
<testsuite tests="4" failures="0" name="com.javafortesters.chap003myfirsttest.examples.MyFirstTest" time="0.01" errors="0" skipped="0">
  <properties>
[...]
</properties>
  <testcase classname="com.javafortesters.chap003myfirsttest.examples.MyFirstTest" name="operationExOne" time="0.01"/>
  <testcase classname="com.javafortesters.chap003myfirsttest.examples.MyFirstTest" name="operationExTwo" time="0"/>
  <testcase classname="com.javafortesters.chap003myfirsttest.examples.MyFirstTest" name="operationExThree" time="0"/>
  <testcase classname="com.javafortesters.chap003myfirsttest.examples.MyFirstTest" name="canAddTwoPlusTwo" time="0"/>
</testsuite>